\\BANNER.MAIN.AD.RIT.EDU\STUDENTS\RUG4133\IGMPROFILE\DESKTOP\FLUID3D\SOURCE\FLUID3D.HLO
\\BANNER.MAIN.AD.RIT.EDU\STUDENTS\RUG4133\IGMPROFILE\DESKTOP\FLUID3D\SOURCE\DEBUG\ALGEBRA.OBJ
\\BANNER.MAIN.AD.RIT.EDU\STUDENTS\RUG4133\IGMPROFILE\DESKTOP\FLUID3D\SOURCE\DEBUG\TRACKBALL.OBJ
\\BANNER.MAIN.AD.RIT.EDU\STUDENTS\RUG4133\IGMPROFILE\DESKTOP\FLUID3D\SOURCE\DEBUG\VC110.PDB
\\BANNER.MAIN.AD.RIT.EDU\STUDENTS\RUG4133\IGMPROFILE\DESKTOP\FLUID3D\SOURCE\DEBUG\FLUID3D.OBJ
\\BANNER.MAIN.AD.RIT.EDU\STUDENTS\RUG4133\IGMPROFILE\DESKTOP\FLUID3D\SOURCE\DEBUG\FLUID3D.ILK
\\BANNER.MAIN.AD.RIT.EDU\STUDENTS\RUG4133\IGMPROFILE\DESKTOP\FLUID3D\SOURCE\DEBUG\FLUID3D.EXE
\\BANNER.MAIN.AD.RIT.EDU\STUDENTS\RUG4133\IGMPROFILE\DESKTOP\FLUID3D\SOURCE\DEBUG\FLUID3D.PDB
\\banner.main.ad.rit.edu\students\rug4133\IGMProfile\Desktop\Fluid3D\Source\Debug\Algebra.obj
\\banner.main.ad.rit.edu\students\rug4133\IGMProfile\Desktop\Fluid3D\Source\Debug\TrackBall.obj
\\banner.main.ad.rit.edu\students\rug4133\IGMProfile\Desktop\Fluid3D\Source\Debug\Fluid3D.obj
\\banner.main.ad.rit.edu\students\rug4133\IGMProfile\Desktop\Fluid3D\Source\Debug\Fluid3D.ilk
\\banner.main.ad.rit.edu\students\rug4133\IGMProfile\Desktop\Fluid3D\Source\Debug\custombuild.write.1.tlog
\\banner.main.ad.rit.edu\students\rug4133\IGMProfile\Desktop\Fluid3D\Source\Debug\custombuild.read.1.tlog
\\banner.main.ad.rit.edu\students\rug4133\IGMProfile\Desktop\Fluid3D\Source\Debug\custombuild.command.1.tlog
\\banner.main.ad.rit.edu\students\rug4133\IGMProfile\Desktop\Fluid3D\Source\Debug\CL.read.1.tlog
\\banner.main.ad.rit.edu\students\rug4133\IGMProfile\Desktop\Fluid3D\Source\Debug\CL.write.1.tlog
\\banner.main.ad.rit.edu\students\rug4133\IGMProfile\Desktop\Fluid3D\Source\Debug\cl.command.1.tlog
\\banner.main.ad.rit.edu\students\rug4133\IGMProfile\Desktop\Fluid3D\Source\Debug\link.read.1.tlog
\\banner.main.ad.rit.edu\students\rug4133\IGMProfile\Desktop\Fluid3D\Source\Debug\link.write.1.tlog
\\banner.main.ad.rit.edu\students\rug4133\IGMProfile\Desktop\Fluid3D\Source\Debug\link.command.1.tlog
\\banner.main.ad.rit.edu\students\rug4133\IGMProfile\Desktop\Fluid3D\Source\Debug\link-rc.read.1.tlog
\\banner.main.ad.rit.edu\students\rug4133\IGMProfile\Desktop\Fluid3D\Source\Debug\link-rc.write.1.tlog
\\banner.main.ad.rit.edu\students\rug4133\IGMProfile\Desktop\Fluid3D\Source\Debug\link-cvtres.read.1.tlog
\\banner.main.ad.rit.edu\students\rug4133\IGMProfile\Desktop\Fluid3D\Source\Debug\link-cvtres.write.1.tlog
\\banner.main.ad.rit.edu\students\rug4133\IGMProfile\Desktop\Fluid3D\Source\Debug\vc110.idb
\\banner.main.ad.rit.edu\students\rug4133\IGMProfile\Desktop\Fluid3D\Source\Debug\vc110.pdb
\\banner.main.ad.rit.edu\students\rug4133\IGMProfile\Desktop\Fluid3D\Source\Debug\Fluid3D.pdb
\\banner.main.ad.rit.edu\students\rug4133\IGMProfile\Desktop\Fluid3D\Source\Debug\Fluid3D.exe
